#
# A fatal error has been detected by the Java Runtime Environment:
#
#  Internal Error (javaClasses.cpp:136), pid=20853, tid=140649077962496
#  fatal error: Invalid layout of preloaded class
#
# JRE version:  (7.0_51) (build )
# Java VM: OpenJDK 64-Bit Server VM (24.45-b08 mixed mode linux-amd64 compressed oops)
# Failed to write core dump. Core dumps have been disabled. To enable core dumping, try "ulimit -c unlimited" before starting Java again
#
# If you would like to submit a bug report, please include
# instructions on how to reproduce the bug and visit:
#   http://icedtea.classpath.org/bugzilla
#

---------------  T H R E A D  ---------------

Current thread (0x00007feb6400a000):  JavaThread "Unknown thread" [_thread_in_vm, id=20858, stack(0x00007feb6a447000,0x00007feb6a548000)]

Stack: [0x00007feb6a447000,0x00007feb6a548000],  sp=0x00007feb6a5468a0,  free space=1022k
Native frames: (J=compiled Java code, j=interpreted, Vv=VM code, C=native code)
V  [libjvm.so+0x9163b5]  VMError::report_and_die()+0x175
V  [libjvm.so+0x4666d4]  report_fatal(char const*, int, char const*)+0x54
V  [libjvm.so+0x5bf5ba]  compute_offset(int&, klassOopDesc*, Symbol*, Symbol*, bool) [clone .constprop.121]+0x10a
V  [libjvm.so+0x5bfbc6]  java_lang_String::compute_offsets()+0x36
V  [libjvm.so+0x89d01c]  SystemDictionary::initialize_preloaded_classes(Thread*)+0xcc
V  [libjvm.so+0x8e7fa8]  Universe::genesis(Thread*)+0x468
V  [libjvm.so+0x8e85b4]  universe2_init()+0x24
V  [libjvm.so+0x57429a]  init_globals()+0x9a
V  [libjvm.so+0x8cb87f]  Threads::create_vm(JavaVMInitArgs*, bool*)+0x35f
V  [libjvm.so+0x5ddb14]  JNI_CreateJavaVM+0x54
C  [libjli.so+0x2b18]  __strcat_chk+0x2b18


---------------  P R O C E S S  ---------------

Java Threads: ( => current thread )

Other Threads:

=>0x00007feb6400a000 (exited) JavaThread "Unknown thread" [_thread_in_vm, id=20858, stack(0x00007feb6a447000,0x00007feb6a548000)]

VM state:not at safepoint (not fully initialized)

VM Mutex/Monitor currently owned by a thread: None

GC Heap History (0 events):
No events

Deoptimization events (0 events):
No events

Internal exceptions (0 events):
No events

Events (10 events):
Event: 0.015 loading class 0x00007feb5d3036f0 done
Event: 0.015 loading class 0x00007feb5d303110 done
Event: 0.015 loading class 0x00007feb5d3030f0
Event: 0.015 loading class 0x00007feb5d30b130
Event: 0.015 loading class 0x00007feb5d30b130 done
Event: 0.015 loading class 0x00007feb5d30b160
Event: 0.015 loading class 0x00007feb5d30b160 done
Event: 0.015 loading class 0x00007feb5d30b190
Event: 0.015 loading class 0x00007feb5d30b190 done
Event: 0.016 loading class 0x00007feb5d3030f0 done


Dynamic libraries:
00400000-00401000 r-xp 00000000 08:02 397501                             /usr/lib/jvm/java-7-openjdk-amd64/jre/bin/java
00600000-00601000 r--p 00000000 08:02 397501                             /usr/lib/jvm/java-7-openjdk-amd64/jre/bin/java
00601000-00602000 rw-p 00001000 08:02 397501                             /usr/lib/jvm/java-7-openjdk-amd64/jre/bin/java
02551000-02572000 rw-p 00000000 00:00 0                                  [heap]
b9a00000-baf00000 rw-p 00000000 00:00 0 
baf00000-c4000000 rw-p 00000000 00:00 0 
c4000000-c6800000 rw-p 00000000 00:00 0 
c6800000-ec000000 rw-p 00000000 00:00 0 
ec000000-ed400000 rw-p 00000000 00:00 0 
ed400000-100000000 rw-p 00000000 00:00 0 
7feb4c000000-7feb4c021000 rw-p 00000000 00:00 0 
7feb4c021000-7feb50000000 ---p 00000000 00:00 0 
7feb50000000-7feb50021000 rw-p 00000000 00:00 0 
7feb50021000-7feb54000000 ---p 00000000 00:00 0 
7feb54000000-7feb54021000 rw-p 00000000 00:00 0 
7feb54021000-7feb58000000 ---p 00000000 00:00 0 
7feb58000000-7feb58021000 rw-p 00000000 00:00 0 
7feb58021000-7feb5c000000 ---p 00000000 00:00 0 
7feb5cf59000-7feb5d1b6000 rw-p 00000000 00:00 0 
7feb5d1b6000-7feb5d28d000 r--s 013fe000 08:02 7475367                    /home/ankitsul/softwares/adt-bundle-linux-x86_64-20131030/sdk/platforms/android-19/android.jar
7feb5d28d000-7feb5f8e9000 rw-p 00000000 00:00 0 
7feb5f8e9000-7feb5f8ea000 ---p 00000000 00:00 0 
7feb5f8ea000-7feb5f9ea000 rw-p 00000000 00:00 0                          [stack:20862]
7feb5f9ea000-7feb5f9eb000 ---p 00000000 00:00 0 
7feb5f9eb000-7feb5faeb000 rw-p 00000000 00:00 0                          [stack:20861]
7feb5faeb000-7feb5faec000 ---p 00000000 00:00 0 
7feb5faec000-7feb5fbec000 rw-p 00000000 00:00 0                          [stack:20860]
7feb5fbec000-7feb5fbed000 ---p 00000000 00:00 0 
7feb5fbed000-7feb5fcf8000 rw-p 00000000 00:00 0                          [stack:20859]
7feb5fcf8000-7feb5fd40000 rw-p 00000000 00:00 0 
7feb5fd40000-7feb5fd4b000 rw-p 00000000 00:00 0 
7feb5fd4b000-7feb5fd93000 rw-p 00000000 00:00 0 
7feb5fd93000-7feb5fda7000 rw-p 00000000 00:00 0 
7feb5fda7000-7feb5fed3000 rw-p 00000000 00:00 0 
7feb5fed3000-7feb5fedd000 rw-p 00000000 00:00 0 
7feb5fedd000-7feb5ff73000 rw-p 00000000 00:00 0 
7feb5ff73000-7feb5ff74000 rw-p 00000000 00:00 0 
7feb5ff74000-7feb601e4000 rwxp 00000000 00:00 0 
7feb601e4000-7feb62f74000 rw-p 00000000 00:00 0 
7feb62f74000-7feb62f7c000 r-xp 00000000 08:02 396622                     /usr/lib/jvm/java-7-openjdk-amd64/jre/lib/amd64/libzip.so
7feb62f7c000-7feb6317b000 ---p 00008000 08:02 396622                     /usr/lib/jvm/java-7-openjdk-amd64/jre/lib/amd64/libzip.so
7feb6317b000-7feb6317c000 r--p 00007000 08:02 396622                     /usr/lib/jvm/java-7-openjdk-amd64/jre/lib/amd64/libzip.so
7feb6317c000-7feb6317d000 rw-p 00008000 08:02 396622                     /usr/lib/jvm/java-7-openjdk-amd64/jre/lib/amd64/libzip.so
7feb6317d000-7feb63189000 r-xp 00000000 08:02 4853603                    /lib/x86_64-linux-gnu/libnss_files-2.17.so
7feb63189000-7feb63388000 ---p 0000c000 08:02 4853603                    /lib/x86_64-linux-gnu/libnss_files-2.17.so
7feb63388000-7feb63389000 r--p 0000b000 08:02 4853603                    /lib/x86_64-linux-gnu/libnss_files-2.17.so
7feb63389000-7feb6338a000 rw-p 0000c000 08:02 4853603                    /lib/x86_64-linux-gnu/libnss_files-2.17.so
7feb6338a000-7feb63395000 r-xp 00000000 08:02 4853607                    /lib/x86_64-linux-gnu/libnss_nis-2.17.so
7feb63395000-7feb63594000 ---p 0000b000 08:02 4853607                    /lib/x86_64-linux-gnu/libnss_nis-2.17.so
7feb63594000-7feb63595000 r--p 0000a000 08:02 4853607                    /lib/x86_64-linux-gnu/libnss_nis-2.17.so
7feb63595000-7feb63596000 rw-p 0000b000 08:02 4853607                    /lib/x86_64-linux-gnu/libnss_nis-2.17.so
7feb63596000-7feb635ad000 r-xp 00000000 08:02 4853597                    /lib/x86_64-linux-gnu/libnsl-2.17.so
7feb635ad000-7feb637ac000 ---p 00017000 08:02 4853597                    /lib/x86_64-linux-gnu/libnsl-2.17.so
7feb637ac000-7feb637ad000 r--p 00016000 08:02 4853597                    /lib/x86_64-linux-gnu/libnsl-2.17.so
7feb637ad000-7feb637ae000 rw-p 00017000 08:02 4853597                    /lib/x86_64-linux-gnu/libnsl-2.17.so
7feb637ae000-7feb637b0000 rw-p 00000000 00:00 0 
7feb637b0000-7feb637b8000 r-xp 00000000 08:02 4853599                    /lib/x86_64-linux-gnu/libnss_compat-2.17.so
7feb637b8000-7feb639b7000 ---p 00008000 08:02 4853599                    /lib/x86_64-linux-gnu/libnss_compat-2.17.so
7feb639b7000-7feb639b8000 r--p 00007000 08:02 4853599                    /lib/x86_64-linux-gnu/libnss_compat-2.17.so
7feb639b8000-7feb639b9000 rw-p 00008000 08:02 4853599                    /lib/x86_64-linux-gnu/libnss_compat-2.17.so
7feb639b9000-7feb639e4000 r-xp 00000000 08:02 396568                     /usr/lib/jvm/java-7-openjdk-amd64/jre/lib/amd64/libjava.so
7feb639e4000-7feb63be3000 ---p 0002b000 08:02 396568                     /usr/lib/jvm/java-7-openjdk-amd64/jre/lib/amd64/libjava.so
7feb63be3000-7feb63be4000 r--p 0002a000 08:02 396568                     /usr/lib/jvm/java-7-openjdk-amd64/jre/lib/amd64/libjava.so
7feb63be4000-7feb63be6000 rw-p 0002b000 08:02 396568                     /usr/lib/jvm/java-7-openjdk-amd64/jre/lib/amd64/libjava.so
7feb63be6000-7feb63bf6000 r-xp 00000000 08:02 397414                     /usr/lib/jvm/java-7-openjdk-amd64/jre/lib/amd64/libverify.so
7feb63bf6000-7feb63df5000 ---p 00010000 08:02 397414                     /usr/lib/jvm/java-7-openjdk-amd64/jre/lib/amd64/libverify.so
7feb63df5000-7feb63df7000 r--p 0000f000 08:02 397414                     /usr/lib/jvm/java-7-openjdk-amd64/jre/lib/amd64/libverify.so
7feb63df7000-7feb63df8000 rw-p 00011000 08:02 397414                     /usr/lib/jvm/java-7-openjdk-amd64/jre/lib/amd64/libverify.so
7feb63df8000-7feb63dff000 r-xp 00000000 08:02 4853650                    /lib/x86_64-linux-gnu/librt-2.17.so
7feb63dff000-7feb63ffe000 ---p 00007000 08:02 4853650                    /lib/x86_64-linux-gnu/librt-2.17.so
7feb63ffe000-7feb63fff000 r--p 00006000 08:02 4853650                    /lib/x86_64-linux-gnu/librt-2.17.so
7feb63fff000-7feb64000000 rw-p 00007000 08:02 4853650                    /lib/x86_64-linux-gnu/librt-2.17.so
7feb64000000-7feb64056000 rw-p 00000000 00:00 0 
7feb64056000-7feb68000000 ---p 00000000 00:00 0 
7feb68020000-7feb68034000 rw-p 00000000 00:00 0 
7feb68034000-7feb68160000 rw-p 00000000 00:00 0 
7feb68160000-7feb68175000 r-xp 00000000 08:02 4854477                    /lib/x86_64-linux-gnu/libgcc_s.so.1
7feb68175000-7feb68374000 ---p 00015000 08:02 4854477                    /lib/x86_64-linux-gnu/libgcc_s.so.1
7feb68374000-7feb68375000 r--p 00014000 08:02 4854477                    /lib/x86_64-linux-gnu/libgcc_s.so.1
7feb68375000-7feb68376000 rw-p 00015000 08:02 4854477                    /lib/x86_64-linux-gnu/libgcc_s.so.1
7feb68376000-7feb68479000 r-xp 00000000 08:02 4853578                    /lib/x86_64-linux-gnu/libm-2.17.so
7feb68479000-7feb68678000 ---p 00103000 08:02 4853578                    /lib/x86_64-linux-gnu/libm-2.17.so
7feb68678000-7feb68679000 r--p 00102000 08:02 4853578                    /lib/x86_64-linux-gnu/libm-2.17.so
7feb68679000-7feb6867a000 rw-p 00103000 08:02 4853578                    /lib/x86_64-linux-gnu/libm-2.17.so
7feb6867a000-7feb68760000 r-xp 00000000 08:02 29894604                   /usr/lib/x86_64-linux-gnu/libstdc++.so.6.0.18
7feb68760000-7feb6895f000 ---p 000e6000 08:02 29894604                   /usr/lib/x86_64-linux-gnu/libstdc++.so.6.0.18
7feb6895f000-7feb68967000 r--p 000e5000 08:02 29894604                   /usr/lib/x86_64-linux-gnu/libstdc++.so.6.0.18
7feb68967000-7feb68969000 rw-p 000ed000 08:02 29894604                   /usr/lib/x86_64-linux-gnu/libstdc++.so.6.0.18
7feb68969000-7feb6897e000 rw-p 00000000 00:00 0 
7feb6897e000-7feb6945d000 r-xp 00000000 08:02 397427                     /usr/lib/jvm/java-7-openjdk-amd64/jre/lib/amd64/server/libjvm.so
7feb6945d000-7feb6965c000 ---p 00adf000 08:02 397427                     /usr/lib/jvm/java-7-openjdk-amd64/jre/lib/amd64/server/libjvm.so
7feb6965c000-7feb696ee000 r--p 00ade000 08:02 397427                     /usr/lib/jvm/java-7-openjdk-amd64/jre/lib/amd64/server/libjvm.so
7feb696ee000-7feb69711000 rw-p 00b70000 08:02 397427                     /usr/lib/jvm/java-7-openjdk-amd64/jre/lib/amd64/server/libjvm.so
7feb69711000-7feb6973e000 rw-p 00000000 00:00 0 
7feb6973e000-7feb69756000 r-xp 00000000 08:02 4853685                    /lib/x86_64-linux-gnu/libz.so.1.2.8
7feb69756000-7feb69955000 ---p 00018000 08:02 4853685                    /lib/x86_64-linux-gnu/libz.so.1.2.8
7feb69955000-7feb69956000 r--p 00017000 08:02 4853685                    /lib/x86_64-linux-gnu/libz.so.1.2.8
7feb69956000-7feb69957000 rw-p 00018000 08:02 4853685                    /lib/x86_64-linux-gnu/libz.so.1.2.8
7feb69957000-7feb6996e000 r-xp 00000000 08:02 4853642                    /lib/x86_64-linux-gnu/libpthread-2.17.so
7feb6996e000-7feb69b6e000 ---p 00017000 08:02 4853642                    /lib/x86_64-linux-gnu/libpthread-2.17.so
7feb69b6e000-7feb69b6f000 r--p 00017000 08:02 4853642                    /lib/x86_64-linux-gnu/libpthread-2.17.so
7feb69b6f000-7feb69b70000 rw-p 00018000 08:02 4853642                    /lib/x86_64-linux-gnu/libpthread-2.17.so
7feb69b70000-7feb69b74000 rw-p 00000000 00:00 0 
7feb69b74000-7feb69b77000 r-xp 00000000 08:02 4853542                    /lib/x86_64-linux-gnu/libdl-2.17.so
7feb69b77000-7feb69d76000 ---p 00003000 08:02 4853542                    /lib/x86_64-linux-gnu/libdl-2.17.so
7feb69d76000-7feb69d77000 r--p 00002000 08:02 4853542                    /lib/x86_64-linux-gnu/libdl-2.17.so
7feb69d77000-7feb69d78000 rw-p 00003000 08:02 4853542                    /lib/x86_64-linux-gnu/libdl-2.17.so
7feb69d78000-7feb69f35000 r-xp 00000000 08:02 4853527                    /lib/x86_64-linux-gnu/libc-2.17.so
7feb69f35000-7feb6a135000 ---p 001bd000 08:02 4853527                    /lib/x86_64-linux-gnu/libc-2.17.so
7feb6a135000-7feb6a139000 r--p 001bd000 08:02 4853527                    /lib/x86_64-linux-gnu/libc-2.17.so
7feb6a139000-7feb6a13b000 rw-p 001c1000 08:02 4853527                    /lib/x86_64-linux-gnu/libc-2.17.so
7feb6a13b000-7feb6a140000 rw-p 00000000 00:00 0 
7feb6a140000-7feb6a14d000 r-xp 00000000 08:02 397432                     /usr/lib/jvm/java-7-openjdk-amd64/jre/lib/amd64/jli/libjli.so
7feb6a14d000-7feb6a34c000 ---p 0000d000 08:02 397432                     /usr/lib/jvm/java-7-openjdk-amd64/jre/lib/amd64/jli/libjli.so
7feb6a34c000-7feb6a34d000 r--p 0000c000 08:02 397432                     /usr/lib/jvm/java-7-openjdk-amd64/jre/lib/amd64/jli/libjli.so
7feb6a34d000-7feb6a34e000 rw-p 0000d000 08:02 397432                     /usr/lib/jvm/java-7-openjdk-amd64/jre/lib/amd64/jli/libjli.so
7feb6a34e000-7feb6a371000 r-xp 00000000 08:02 4853503                    /lib/x86_64-linux-gnu/ld-2.17.so
7feb6a386000-7feb6a391000 rw-p 00000000 00:00 0 
7feb6a391000-7feb6a447000 rw-p 00000000 00:00 0 
7feb6a447000-7feb6a44a000 ---p 00000000 00:00 0 
7feb6a44a000-7feb6a564000 rw-p 00000000 00:00 0                          [stack:20858]
7feb6a564000-7feb6a56c000 rw-s 00000000 08:02 29753428                   /tmp/hsperfdata_root/20853
7feb6a56c000-7feb6a56d000 rw-p 00000000 00:00 0 
7feb6a56d000-7feb6a56e000 r--p 00000000 00:00 0 
7feb6a56e000-7feb6a570000 rw-p 00000000 00:00 0 
7feb6a570000-7feb6a571000 r--p 00022000 08:02 4853503                    /lib/x86_64-linux-gnu/ld-2.17.so
7feb6a571000-7feb6a573000 rw-p 00023000 08:02 4853503                    /lib/x86_64-linux-gnu/ld-2.17.so
7fff809cc000-7fff809ed000 rw-p 00000000 00:00 0                          [stack]
7fff809fe000-7fff80a00000 r-xp 00000000 00:00 0                          [vdso]
ffffffffff600000-ffffffffff601000 r-xp 00000000 00:00 0                  [vsyscall]

VM Arguments:
jvm_args: -Dfile.encoding=UTF-8 -Xbootclasspath:/home/ankitsul/softwares/adt-bundle-linux-x86_64-20131030/sdk/platforms/android-19/android.jar 
java_command: edu.buffalo.cse.cse486586.simpledht.SimpleDhtProviderTest
Launcher Type: SUN_STANDARD

Environment Variables:
PATH=/root/.opam/4.00.1/bin:/usr/local/heroku/bin:/usr/local/sbin:/usr/local/bin:/usr/sbin:/usr/bin:/sbin:/bin:/usr/games:/usr/local/games:/home/ankitsul/softwares/adt-bundle-linux-x86_64-20131030/sdk/tools:/home/ankitsul/softwares/adt-bundle-linux-x86_64-20131030/sdk/platform-tools:/usr/bin/python2.7
USERNAME=root
SHELL=/bin/bash
DISPLAY=:0

Signal Handlers:
SIGSEGV: [libjvm.so+0x916ea0], sa_mask[0]=0x7ffbfeff, sa_flags=0x10000004
SIGBUS: [libjvm.so+0x916ea0], sa_mask[0]=0x7ffbfeff, sa_flags=0x10000004
SIGFPE: [libjvm.so+0x794800], sa_mask[0]=0x7ffbfeff, sa_flags=0x10000004
SIGPIPE: [libjvm.so+0x794800], sa_mask[0]=0x7ffbfeff, sa_flags=0x10000004
SIGXFSZ: [libjvm.so+0x794800], sa_mask[0]=0x7ffbfeff, sa_flags=0x10000004
SIGILL: [libjvm.so+0x794800], sa_mask[0]=0x7ffbfeff, sa_flags=0x10000004
SIGUSR1: SIG_DFL, sa_mask[0]=0x00000000, sa_flags=0x00000000
SIGUSR2: [libjvm.so+0x7946a0], sa_mask[0]=0x00000004, sa_flags=0x10000004
SIGHUP: SIG_DFL, sa_mask[0]=0x00000000, sa_flags=0x00000000
SIGINT: SIG_DFL, sa_mask[0]=0x00000000, sa_flags=0x00000000
SIGTERM: SIG_DFL, sa_mask[0]=0x00000000, sa_flags=0x00000000
SIGQUIT: SIG_DFL, sa_mask[0]=0x00000000, sa_flags=0x00000000


---------------  S Y S T E M  ---------------

OS:Ubuntu 13.10 (saucy)
uname:Linux 3.11.0-18-generic #32-Ubuntu SMP Tue Feb 18 21:11:14 UTC 2014 x86_64
libc:glibc 2.17 NPTL 2.17 
rlimit: STACK 8192k, CORE 0k, NPROC 30380, NOFILE 4096, AS infinity
load average:1.16 1.04 0.87

/proc/meminfo:
MemTotal:        3931804 kB
MemFree:          349864 kB
Buffers:           39080 kB
Cached:          1316720 kB
SwapCached:         4900 kB
Active:          2187880 kB
Inactive:        1120324 kB
Active(anon):    1772856 kB
Inactive(anon):   685292 kB
Active(file):     415024 kB
Inactive(file):   435032 kB
Unevictable:         140 kB
Mlocked:             140 kB
SwapTotal:       4077564 kB
SwapFree:        4055924 kB
Dirty:              2700 kB
Writeback:             0 kB
AnonPages:       1948072 kB
Mapped:           251792 kB
Shmem:            505744 kB
Slab:             166924 kB
SReclaimable:     127676 kB
SUnreclaim:        39248 kB
KernelStack:        5632 kB
PageTables:        45176 kB
NFS_Unstable:          0 kB
Bounce:                0 kB
WritebackTmp:          0 kB
CommitLimit:     6043464 kB
Committed_AS:    7271204 kB
VmallocTotal:   34359738367 kB
VmallocUsed:      430896 kB
VmallocChunk:   34359286396 kB
HardwareCorrupted:     0 kB
AnonHugePages:         0 kB
HugePages_Total:       0
HugePages_Free:        0
HugePages_Rsvd:        0
HugePages_Surp:        0
Hugepagesize:       2048 kB
DirectMap4k:       96472 kB
DirectMap2M:     4052992 kB


CPU:total 4 (2 cores per cpu, 2 threads per core) family 6 model 58 stepping 9, cmov, cx8, fxsr, mmx, sse, sse2, sse3, ssse3, sse4.1, sse4.2, popcnt, avx, erms, ht, tsc, tscinvbit, tscinv

/proc/cpuinfo:
processor	: 0
vendor_id	: GenuineIntel
cpu family	: 6
model		: 58
model name	: Intel(R) Core(TM) i3-3217U CPU @ 1.80GHz
stepping	: 9
microcode	: 0x15
cpu MHz		: 800.000
cache size	: 3072 KB
physical id	: 0
siblings	: 4
core id		: 0
cpu cores	: 2
apicid		: 0
initial apicid	: 0
fpu		: yes
fpu_exception	: yes
cpuid level	: 13
wp		: yes
flags		: fpu vme de pse tsc msr pae mce cx8 apic sep mtrr pge mca cmov pat pse36 clflush dts acpi mmx fxsr sse sse2 ss ht tm pbe syscall nx rdtscp lm constant_tsc arch_perfmon pebs bts rep_good nopl xtopology nonstop_tsc aperfmperf eagerfpu pni pclmulqdq dtes64 monitor ds_cpl vmx est tm2 ssse3 cx16 xtpr pdcm pcid sse4_1 sse4_2 x2apic popcnt tsc_deadline_timer xsave avx f16c lahf_lm ida arat epb xsaveopt pln pts dtherm tpr_shadow vnmi flexpriority ept vpid fsgsbase smep erms
bogomips	: 3591.56
clflush size	: 64
cache_alignment	: 64
address sizes	: 36 bits physical, 48 bits virtual
power management:

processor	: 1
vendor_id	: GenuineIntel
cpu family	: 6
model		: 58
model name	: Intel(R) Core(TM) i3-3217U CPU @ 1.80GHz
stepping	: 9
microcode	: 0x15
cpu MHz		: 1801.000
cache size	: 3072 KB
physical id	: 0
siblings	: 4
core id		: 1
cpu cores	: 2
apicid		: 2
initial apicid	: 2
fpu		: yes
fpu_exception	: yes
cpuid level	: 13
wp		: yes
flags		: fpu vme de pse tsc msr pae mce cx8 apic sep mtrr pge mca cmov pat pse36 clflush dts acpi mmx fxsr sse sse2 ss ht tm pbe syscall nx rdtscp lm constant_tsc arch_perfmon pebs bts rep_good nopl xtopology nonstop_tsc aperfmperf eagerfpu pni pclmulqdq dtes64 monitor ds_cpl vmx est tm2 ssse3 cx16 xtpr pdcm pcid sse4_1 sse4_2 x2apic popcnt tsc_deadline_timer xsave avx f16c lahf_lm ida arat epb xsaveopt pln pts dtherm tpr_shadow vnmi flexpriority ept vpid fsgsbase smep erms
bogomips	: 3591.56
clflush size	: 64
cache_alignment	: 64
address sizes	: 36 bits physical, 48 bits virtual
power management:

processor	: 2
vendor_id	: GenuineIntel
cpu family	: 6
model		: 58
model name	: Intel(R) Core(TM) i3-3217U CPU @ 1.80GHz
stepping	: 9
microcode	: 0x15
cpu MHz		: 1801.000
cache size	: 3072 KB
physical id	: 0
siblings	: 4
core id		: 0
cpu cores	: 2
apicid		: 1
initial apicid	: 1
fpu		: yes
fpu_exception	: yes
cpuid level	: 13
wp		: yes
flags		: fpu vme de pse tsc msr pae mce cx8 apic sep mtrr pge mca cmov pat pse36 clflush dts acpi mmx fxsr sse sse2 ss ht tm pbe syscall nx rdtscp lm constant_tsc arch_perfmon pebs bts rep_good nopl xtopology nonstop_tsc aperfmperf eagerfpu pni pclmulqdq dtes64 monitor ds_cpl vmx est tm2 ssse3 cx16 xtpr pdcm pcid sse4_1 sse4_2 x2apic popcnt tsc_deadline_timer xsave avx f16c lahf_lm ida arat epb xsaveopt pln pts dtherm tpr_shadow vnmi flexpriority ept vpid fsgsbase smep erms
bogomips	: 3591.56
clflush size	: 64
cache_alignment	: 64
address sizes	: 36 bits physical, 48 bits virtual
power management:

processor	: 3
vendor_id	: GenuineIntel
cpu family	: 6
model		: 58
model name	: Intel(R) Core(TM) i3-3217U CPU @ 1.80GHz
stepping	: 9
microcode	: 0x15
cpu MHz		: 800.000
cache size	: 3072 KB
physical id	: 0
siblings	: 4
core id		: 1
cpu cores	: 2
apicid		: 3
initial apicid	: 3
fpu		: yes
fpu_exception	: yes
cpuid level	: 13
wp		: yes
flags		: fpu vme de pse tsc msr pae mce cx8 apic sep mtrr pge mca cmov pat pse36 clflush dts acpi mmx fxsr sse sse2 ss ht tm pbe syscall nx rdtscp lm constant_tsc arch_perfmon pebs bts rep_good nopl xtopology nonstop_tsc aperfmperf eagerfpu pni pclmulqdq dtes64 monitor ds_cpl vmx est tm2 ssse3 cx16 xtpr pdcm pcid sse4_1 sse4_2 x2apic popcnt tsc_deadline_timer xsave avx f16c lahf_lm ida arat epb xsaveopt pln pts dtherm tpr_shadow vnmi flexpriority ept vpid fsgsbase smep erms
bogomips	: 3591.56
clflush size	: 64
cache_alignment	: 64
address sizes	: 36 bits physical, 48 bits virtual
power management:



Memory: 4k page, physical 3931804k(349864k free), swap 4077564k(4055924k free)

vm_info: OpenJDK 64-Bit Server VM (24.45-b08) for linux-amd64 JRE (1.7.0_51-b00), built on Jan 15 2014 22:02:57 by "buildd" with gcc 4.8.1

time: Wed Mar 26 19:00:20 2014
elapsed time: 0 seconds

