#
# A fatal error has been detected by the Java Runtime Environment:
#
#  Internal Error (javaClasses.cpp:136), pid=20827, tid=139859948844800
#  fatal error: Invalid layout of preloaded class
#
# JRE version:  (7.0_51) (build )
# Java VM: OpenJDK 64-Bit Server VM (24.45-b08 mixed mode linux-amd64 compressed oops)
# Failed to write core dump. Core dumps have been disabled. To enable core dumping, try "ulimit -c unlimited" before starting Java again
#
# If you would like to submit a bug report, please include
# instructions on how to reproduce the bug and visit:
#   http://icedtea.classpath.org/bugzilla
#

---------------  T H R E A D  ---------------

Current thread (0x00007f33a800a000):  JavaThread "Unknown thread" [_thread_in_vm, id=20832, stack(0x00007f33ae81b000,0x00007f33ae91c000)]

Stack: [0x00007f33ae81b000,0x00007f33ae91c000],  sp=0x00007f33ae91a8a0,  free space=1022k
Native frames: (J=compiled Java code, j=interpreted, Vv=VM code, C=native code)
V  [libjvm.so+0x9163b5]  VMError::report_and_die()+0x175
V  [libjvm.so+0x4666d4]  report_fatal(char const*, int, char const*)+0x54
V  [libjvm.so+0x5bf5ba]  compute_offset(int&, klassOopDesc*, Symbol*, Symbol*, bool) [clone .constprop.121]+0x10a
V  [libjvm.so+0x5bfbc6]  java_lang_String::compute_offsets()+0x36
V  [libjvm.so+0x89d01c]  SystemDictionary::initialize_preloaded_classes(Thread*)+0xcc
V  [libjvm.so+0x8e7fa8]  Universe::genesis(Thread*)+0x468
V  [libjvm.so+0x8e85b4]  universe2_init()+0x24
V  [libjvm.so+0x57429a]  init_globals()+0x9a
V  [libjvm.so+0x8cb87f]  Threads::create_vm(JavaVMInitArgs*, bool*)+0x35f
V  [libjvm.so+0x5ddb14]  JNI_CreateJavaVM+0x54
C  [libjli.so+0x2b18]  __strcat_chk+0x2b18


---------------  P R O C E S S  ---------------

Java Threads: ( => current thread )

Other Threads:

=>0x00007f33a800a000 (exited) JavaThread "Unknown thread" [_thread_in_vm, id=20832, stack(0x00007f33ae81b000,0x00007f33ae91c000)]

VM state:not at safepoint (not fully initialized)

VM Mutex/Monitor currently owned by a thread: None

GC Heap History (0 events):
No events

Deoptimization events (0 events):
No events

Internal exceptions (0 events):
No events

Events (10 events):
Event: 0.012 loading class 0x00007f33ac0446f0 done
Event: 0.012 loading class 0x00007f33ac044110 done
Event: 0.012 loading class 0x00007f33ac0440f0
Event: 0.012 loading class 0x00007f33ac04c130
Event: 0.012 loading class 0x00007f33ac04c130 done
Event: 0.012 loading class 0x00007f33ac04c160
Event: 0.012 loading class 0x00007f33ac04c160 done
Event: 0.012 loading class 0x00007f33ac04c190
Event: 0.012 loading class 0x00007f33ac04c190 done
Event: 0.012 loading class 0x00007f33ac0440f0 done


Dynamic libraries:
00400000-00401000 r-xp 00000000 08:02 397501                             /usr/lib/jvm/java-7-openjdk-amd64/jre/bin/java
00600000-00601000 r--p 00000000 08:02 397501                             /usr/lib/jvm/java-7-openjdk-amd64/jre/bin/java
00601000-00602000 rw-p 00001000 08:02 397501                             /usr/lib/jvm/java-7-openjdk-amd64/jre/bin/java
01b29000-01b4a000 rw-p 00000000 00:00 0                                  [heap]
b9a00000-baf00000 rw-p 00000000 00:00 0 
baf00000-c4000000 rw-p 00000000 00:00 0 
c4000000-c6800000 rw-p 00000000 00:00 0 
c6800000-ec000000 rw-p 00000000 00:00 0 
ec000000-ed400000 rw-p 00000000 00:00 0 
ed400000-100000000 rw-p 00000000 00:00 0 
7f3384000000-7f3384021000 rw-p 00000000 00:00 0 
7f3384021000-7f3388000000 ---p 00000000 00:00 0 
7f338c000000-7f338c021000 rw-p 00000000 00:00 0 
7f338c021000-7f3390000000 ---p 00000000 00:00 0 
7f3394000000-7f3394021000 rw-p 00000000 00:00 0 
7f3394021000-7f3398000000 ---p 00000000 00:00 0 
7f339c000000-7f339c021000 rw-p 00000000 00:00 0 
7f339c021000-7f33a0000000 ---p 00000000 00:00 0 
7f33a1330000-7f33a1566000 rw-p 00000000 00:00 0 
7f33a1566000-7f33a163d000 r--s 013fe000 08:02 7475367                    /home/ankitsul/softwares/adt-bundle-linux-x86_64-20131030/sdk/platforms/android-19/android.jar
7f33a163d000-7f33a3c16000 rw-p 00000000 00:00 0 
7f33a3c16000-7f33a3c17000 ---p 00000000 00:00 0 
7f33a3c17000-7f33a3d17000 rw-p 00000000 00:00 0                          [stack:20836]
7f33a3d17000-7f33a3d18000 ---p 00000000 00:00 0 
7f33a3d18000-7f33a3e18000 rw-p 00000000 00:00 0                          [stack:20835]
7f33a3e18000-7f33a3e19000 ---p 00000000 00:00 0 
7f33a3e19000-7f33a3f19000 rw-p 00000000 00:00 0                          [stack:20834]
7f33a3f19000-7f33a3f1a000 ---p 00000000 00:00 0 
7f33a3f1a000-7f33a402e000 rw-p 00000000 00:00 0                          [stack:20833]
7f33a402e000-7f33a415a000 rw-p 00000000 00:00 0 
7f33a415a000-7f33a4165000 rw-p 00000000 00:00 0 
7f33a4165000-7f33a41ad000 rw-p 00000000 00:00 0 
7f33a41ad000-7f33a41c1000 rw-p 00000000 00:00 0 
7f33a41c1000-7f33a42ed000 rw-p 00000000 00:00 0 
7f33a42ed000-7f33a42f7000 rw-p 00000000 00:00 0 
7f33a42f7000-7f33a438d000 rw-p 00000000 00:00 0 
7f33a438d000-7f33a438e000 rw-p 00000000 00:00 0 
7f33a438e000-7f33a45fe000 rwxp 00000000 00:00 0 
7f33a45fe000-7f33a738e000 rw-p 00000000 00:00 0 
7f33a738e000-7f33a7396000 r-xp 00000000 08:02 396622                     /usr/lib/jvm/java-7-openjdk-amd64/jre/lib/amd64/libzip.so
7f33a7396000-7f33a7595000 ---p 00008000 08:02 396622                     /usr/lib/jvm/java-7-openjdk-amd64/jre/lib/amd64/libzip.so
7f33a7595000-7f33a7596000 r--p 00007000 08:02 396622                     /usr/lib/jvm/java-7-openjdk-amd64/jre/lib/amd64/libzip.so
7f33a7596000-7f33a7597000 rw-p 00008000 08:02 396622                     /usr/lib/jvm/java-7-openjdk-amd64/jre/lib/amd64/libzip.so
7f33a7597000-7f33a75a3000 r-xp 00000000 08:02 4853603                    /lib/x86_64-linux-gnu/libnss_files-2.17.so
7f33a75a3000-7f33a77a2000 ---p 0000c000 08:02 4853603                    /lib/x86_64-linux-gnu/libnss_files-2.17.so
7f33a77a2000-7f33a77a3000 r--p 0000b000 08:02 4853603                    /lib/x86_64-linux-gnu/libnss_files-2.17.so
7f33a77a3000-7f33a77a4000 rw-p 0000c000 08:02 4853603                    /lib/x86_64-linux-gnu/libnss_files-2.17.so
7f33a77a4000-7f33a77af000 r-xp 00000000 08:02 4853607                    /lib/x86_64-linux-gnu/libnss_nis-2.17.so
7f33a77af000-7f33a79ae000 ---p 0000b000 08:02 4853607                    /lib/x86_64-linux-gnu/libnss_nis-2.17.so
7f33a79ae000-7f33a79af000 r--p 0000a000 08:02 4853607                    /lib/x86_64-linux-gnu/libnss_nis-2.17.so
7f33a79af000-7f33a79b0000 rw-p 0000b000 08:02 4853607                    /lib/x86_64-linux-gnu/libnss_nis-2.17.so
7f33a79b0000-7f33a79c7000 r-xp 00000000 08:02 4853597                    /lib/x86_64-linux-gnu/libnsl-2.17.so
7f33a79c7000-7f33a7bc6000 ---p 00017000 08:02 4853597                    /lib/x86_64-linux-gnu/libnsl-2.17.so
7f33a7bc6000-7f33a7bc7000 r--p 00016000 08:02 4853597                    /lib/x86_64-linux-gnu/libnsl-2.17.so
7f33a7bc7000-7f33a7bc8000 rw-p 00017000 08:02 4853597                    /lib/x86_64-linux-gnu/libnsl-2.17.so
7f33a7bc8000-7f33a7bca000 rw-p 00000000 00:00 0 
7f33a7bca000-7f33a7bd2000 r-xp 00000000 08:02 4853599                    /lib/x86_64-linux-gnu/libnss_compat-2.17.so
7f33a7bd2000-7f33a7dd1000 ---p 00008000 08:02 4853599                    /lib/x86_64-linux-gnu/libnss_compat-2.17.so
7f33a7dd1000-7f33a7dd2000 r--p 00007000 08:02 4853599                    /lib/x86_64-linux-gnu/libnss_compat-2.17.so
7f33a7dd2000-7f33a7dd3000 rw-p 00008000 08:02 4853599                    /lib/x86_64-linux-gnu/libnss_compat-2.17.so
7f33a7dd3000-7f33a7dfe000 r-xp 00000000 08:02 396568                     /usr/lib/jvm/java-7-openjdk-amd64/jre/lib/amd64/libjava.so
7f33a7dfe000-7f33a7ffd000 ---p 0002b000 08:02 396568                     /usr/lib/jvm/java-7-openjdk-amd64/jre/lib/amd64/libjava.so
7f33a7ffd000-7f33a7ffe000 r--p 0002a000 08:02 396568                     /usr/lib/jvm/java-7-openjdk-amd64/jre/lib/amd64/libjava.so
7f33a7ffe000-7f33a8000000 rw-p 0002b000 08:02 396568                     /usr/lib/jvm/java-7-openjdk-amd64/jre/lib/amd64/libjava.so
7f33a8000000-7f33a8056000 rw-p 00000000 00:00 0 
7f33a8056000-7f33ac000000 ---p 00000000 00:00 0 
7f33ac01d000-7f33ac0d2000 rw-p 00000000 00:00 0 
7f33ac0d2000-7f33ac11a000 rw-p 00000000 00:00 0 
7f33ac11a000-7f33ac12a000 r-xp 00000000 08:02 397414                     /usr/lib/jvm/java-7-openjdk-amd64/jre/lib/amd64/libverify.so
7f33ac12a000-7f33ac329000 ---p 00010000 08:02 397414                     /usr/lib/jvm/java-7-openjdk-amd64/jre/lib/amd64/libverify.so
7f33ac329000-7f33ac32b000 r--p 0000f000 08:02 397414                     /usr/lib/jvm/java-7-openjdk-amd64/jre/lib/amd64/libverify.so
7f33ac32b000-7f33ac32c000 rw-p 00011000 08:02 397414                     /usr/lib/jvm/java-7-openjdk-amd64/jre/lib/amd64/libverify.so
7f33ac32c000-7f33ac333000 r-xp 00000000 08:02 4853650                    /lib/x86_64-linux-gnu/librt-2.17.so
7f33ac333000-7f33ac532000 ---p 00007000 08:02 4853650                    /lib/x86_64-linux-gnu/librt-2.17.so
7f33ac532000-7f33ac533000 r--p 00006000 08:02 4853650                    /lib/x86_64-linux-gnu/librt-2.17.so
7f33ac533000-7f33ac534000 rw-p 00007000 08:02 4853650                    /lib/x86_64-linux-gnu/librt-2.17.so
7f33ac534000-7f33ac549000 r-xp 00000000 08:02 4854477                    /lib/x86_64-linux-gnu/libgcc_s.so.1
7f33ac549000-7f33ac748000 ---p 00015000 08:02 4854477                    /lib/x86_64-linux-gnu/libgcc_s.so.1
7f33ac748000-7f33ac749000 r--p 00014000 08:02 4854477                    /lib/x86_64-linux-gnu/libgcc_s.so.1
7f33ac749000-7f33ac74a000 rw-p 00015000 08:02 4854477                    /lib/x86_64-linux-gnu/libgcc_s.so.1
7f33ac74a000-7f33ac84d000 r-xp 00000000 08:02 4853578                    /lib/x86_64-linux-gnu/libm-2.17.so
7f33ac84d000-7f33aca4c000 ---p 00103000 08:02 4853578                    /lib/x86_64-linux-gnu/libm-2.17.so
7f33aca4c000-7f33aca4d000 r--p 00102000 08:02 4853578                    /lib/x86_64-linux-gnu/libm-2.17.so
7f33aca4d000-7f33aca4e000 rw-p 00103000 08:02 4853578                    /lib/x86_64-linux-gnu/libm-2.17.so
7f33aca4e000-7f33acb34000 r-xp 00000000 08:02 29894604                   /usr/lib/x86_64-linux-gnu/libstdc++.so.6.0.18
7f33acb34000-7f33acd33000 ---p 000e6000 08:02 29894604                   /usr/lib/x86_64-linux-gnu/libstdc++.so.6.0.18
7f33acd33000-7f33acd3b000 r--p 000e5000 08:02 29894604                   /usr/lib/x86_64-linux-gnu/libstdc++.so.6.0.18
7f33acd3b000-7f33acd3d000 rw-p 000ed000 08:02 29894604                   /usr/lib/x86_64-linux-gnu/libstdc++.so.6.0.18
7f33acd3d000-7f33acd52000 rw-p 00000000 00:00 0 
7f33acd52000-7f33ad831000 r-xp 00000000 08:02 397427                     /usr/lib/jvm/java-7-openjdk-amd64/jre/lib/amd64/server/libjvm.so
7f33ad831000-7f33ada30000 ---p 00adf000 08:02 397427                     /usr/lib/jvm/java-7-openjdk-amd64/jre/lib/amd64/server/libjvm.so
7f33ada30000-7f33adac2000 r--p 00ade000 08:02 397427                     /usr/lib/jvm/java-7-openjdk-amd64/jre/lib/amd64/server/libjvm.so
7f33adac2000-7f33adae5000 rw-p 00b70000 08:02 397427                     /usr/lib/jvm/java-7-openjdk-amd64/jre/lib/amd64/server/libjvm.so
7f33adae5000-7f33adb12000 rw-p 00000000 00:00 0 
7f33adb12000-7f33adb2a000 r-xp 00000000 08:02 4853685                    /lib/x86_64-linux-gnu/libz.so.1.2.8
7f33adb2a000-7f33add29000 ---p 00018000 08:02 4853685                    /lib/x86_64-linux-gnu/libz.so.1.2.8
7f33add29000-7f33add2a000 r--p 00017000 08:02 4853685                    /lib/x86_64-linux-gnu/libz.so.1.2.8
7f33add2a000-7f33add2b000 rw-p 00018000 08:02 4853685                    /lib/x86_64-linux-gnu/libz.so.1.2.8
7f33add2b000-7f33add42000 r-xp 00000000 08:02 4853642                    /lib/x86_64-linux-gnu/libpthread-2.17.so
7f33add42000-7f33adf42000 ---p 00017000 08:02 4853642                    /lib/x86_64-linux-gnu/libpthread-2.17.so
7f33adf42000-7f33adf43000 r--p 00017000 08:02 4853642                    /lib/x86_64-linux-gnu/libpthread-2.17.so
7f33adf43000-7f33adf44000 rw-p 00018000 08:02 4853642                    /lib/x86_64-linux-gnu/libpthread-2.17.so
7f33adf44000-7f33adf48000 rw-p 00000000 00:00 0 
7f33adf48000-7f33adf4b000 r-xp 00000000 08:02 4853542                    /lib/x86_64-linux-gnu/libdl-2.17.so
7f33adf4b000-7f33ae14a000 ---p 00003000 08:02 4853542                    /lib/x86_64-linux-gnu/libdl-2.17.so
7f33ae14a000-7f33ae14b000 r--p 00002000 08:02 4853542                    /lib/x86_64-linux-gnu/libdl-2.17.so
7f33ae14b000-7f33ae14c000 rw-p 00003000 08:02 4853542                    /lib/x86_64-linux-gnu/libdl-2.17.so
7f33ae14c000-7f33ae309000 r-xp 00000000 08:02 4853527                    /lib/x86_64-linux-gnu/libc-2.17.so
7f33ae309000-7f33ae509000 ---p 001bd000 08:02 4853527                    /lib/x86_64-linux-gnu/libc-2.17.so
7f33ae509000-7f33ae50d000 r--p 001bd000 08:02 4853527                    /lib/x86_64-linux-gnu/libc-2.17.so
7f33ae50d000-7f33ae50f000 rw-p 001c1000 08:02 4853527                    /lib/x86_64-linux-gnu/libc-2.17.so
7f33ae50f000-7f33ae514000 rw-p 00000000 00:00 0 
7f33ae514000-7f33ae521000 r-xp 00000000 08:02 397432                     /usr/lib/jvm/java-7-openjdk-amd64/jre/lib/amd64/jli/libjli.so
7f33ae521000-7f33ae720000 ---p 0000d000 08:02 397432                     /usr/lib/jvm/java-7-openjdk-amd64/jre/lib/amd64/jli/libjli.so
7f33ae720000-7f33ae721000 r--p 0000c000 08:02 397432                     /usr/lib/jvm/java-7-openjdk-amd64/jre/lib/amd64/jli/libjli.so
7f33ae721000-7f33ae722000 rw-p 0000d000 08:02 397432                     /usr/lib/jvm/java-7-openjdk-amd64/jre/lib/amd64/jli/libjli.so
7f33ae722000-7f33ae745000 r-xp 00000000 08:02 4853503                    /lib/x86_64-linux-gnu/ld-2.17.so
7f33ae75a000-7f33ae765000 rw-p 00000000 00:00 0 
7f33ae765000-7f33ae81b000 rw-p 00000000 00:00 0 
7f33ae81b000-7f33ae81e000 ---p 00000000 00:00 0 
7f33ae81e000-7f33ae938000 rw-p 00000000 00:00 0                          [stack:20832]
7f33ae938000-7f33ae940000 rw-s 00000000 08:02 29753428                   /tmp/hsperfdata_root/20827
7f33ae940000-7f33ae941000 rw-p 00000000 00:00 0 
7f33ae941000-7f33ae942000 r--p 00000000 00:00 0 
7f33ae942000-7f33ae944000 rw-p 00000000 00:00 0 
7f33ae944000-7f33ae945000 r--p 00022000 08:02 4853503                    /lib/x86_64-linux-gnu/ld-2.17.so
7f33ae945000-7f33ae947000 rw-p 00023000 08:02 4853503                    /lib/x86_64-linux-gnu/ld-2.17.so
7fff83def000-7fff83e10000 rw-p 00000000 00:00 0                          [stack]
7fff83f0c000-7fff83f0e000 r-xp 00000000 00:00 0                          [vdso]
ffffffffff600000-ffffffffff601000 r-xp 00000000 00:00 0                  [vsyscall]

VM Arguments:
jvm_args: -Dfile.encoding=UTF-8 -Xbootclasspath:/home/ankitsul/softwares/adt-bundle-linux-x86_64-20131030/sdk/platforms/android-19/android.jar 
java_command: edu.buffalo.cse.cse486586.simpledht.SimpleDhtProviderTest
Launcher Type: SUN_STANDARD

Environment Variables:
PATH=/root/.opam/4.00.1/bin:/usr/local/heroku/bin:/usr/local/sbin:/usr/local/bin:/usr/sbin:/usr/bin:/sbin:/bin:/usr/games:/usr/local/games:/home/ankitsul/softwares/adt-bundle-linux-x86_64-20131030/sdk/tools:/home/ankitsul/softwares/adt-bundle-linux-x86_64-20131030/sdk/platform-tools:/usr/bin/python2.7
USERNAME=root
SHELL=/bin/bash
DISPLAY=:0

Signal Handlers:
SIGSEGV: [libjvm.so+0x916ea0], sa_mask[0]=0x7ffbfeff, sa_flags=0x10000004
SIGBUS: [libjvm.so+0x916ea0], sa_mask[0]=0x7ffbfeff, sa_flags=0x10000004
SIGFPE: [libjvm.so+0x794800], sa_mask[0]=0x7ffbfeff, sa_flags=0x10000004
SIGPIPE: [libjvm.so+0x794800], sa_mask[0]=0x7ffbfeff, sa_flags=0x10000004
SIGXFSZ: [libjvm.so+0x794800], sa_mask[0]=0x7ffbfeff, sa_flags=0x10000004
SIGILL: [libjvm.so+0x794800], sa_mask[0]=0x7ffbfeff, sa_flags=0x10000004
SIGUSR1: SIG_DFL, sa_mask[0]=0x00000000, sa_flags=0x00000000
SIGUSR2: [libjvm.so+0x7946a0], sa_mask[0]=0x00000004, sa_flags=0x10000004
SIGHUP: SIG_DFL, sa_mask[0]=0x00000000, sa_flags=0x00000000
SIGINT: SIG_DFL, sa_mask[0]=0x00000000, sa_flags=0x00000000
SIGTERM: SIG_DFL, sa_mask[0]=0x00000000, sa_flags=0x00000000
SIGQUIT: SIG_DFL, sa_mask[0]=0x00000000, sa_flags=0x00000000


---------------  S Y S T E M  ---------------

OS:Ubuntu 13.10 (saucy)
uname:Linux 3.11.0-18-generic #32-Ubuntu SMP Tue Feb 18 21:11:14 UTC 2014 x86_64
libc:glibc 2.17 NPTL 2.17 
rlimit: STACK 8192k, CORE 0k, NPROC 30380, NOFILE 4096, AS infinity
load average:0.97 1.01 0.86

/proc/meminfo:
MemTotal:        3931804 kB
MemFree:          345116 kB
Buffers:           39048 kB
Cached:          1320680 kB
SwapCached:         4900 kB
Active:          2187664 kB
Inactive:        1124572 kB
Active(anon):    1772708 kB
Inactive(anon):   689328 kB
Active(file):     414956 kB
Inactive(file):   435244 kB
Unevictable:         140 kB
Mlocked:             140 kB
SwapTotal:       4077564 kB
SwapFree:        4055924 kB
Dirty:              2988 kB
Writeback:             0 kB
AnonPages:       1947944 kB
Mapped:           254152 kB
Shmem:            509528 kB
Slab:             166980 kB
SReclaimable:     127696 kB
SUnreclaim:        39284 kB
KernelStack:        5632 kB
PageTables:        45184 kB
NFS_Unstable:          0 kB
Bounce:                0 kB
WritebackTmp:          0 kB
CommitLimit:     6043464 kB
Committed_AS:    7278840 kB
VmallocTotal:   34359738367 kB
VmallocUsed:      430896 kB
VmallocChunk:   34359286396 kB
HardwareCorrupted:     0 kB
AnonHugePages:         0 kB
HugePages_Total:       0
HugePages_Free:        0
HugePages_Rsvd:        0
HugePages_Surp:        0
Hugepagesize:       2048 kB
DirectMap4k:       96472 kB
DirectMap2M:     4052992 kB


CPU:total 4 (2 cores per cpu, 2 threads per core) family 6 model 58 stepping 9, cmov, cx8, fxsr, mmx, sse, sse2, sse3, ssse3, sse4.1, sse4.2, popcnt, avx, erms, ht, tsc, tscinvbit, tscinv

/proc/cpuinfo:
processor	: 0
vendor_id	: GenuineIntel
cpu family	: 6
model		: 58
model name	: Intel(R) Core(TM) i3-3217U CPU @ 1.80GHz
stepping	: 9
microcode	: 0x15
cpu MHz		: 1801.000
cache size	: 3072 KB
physical id	: 0
siblings	: 4
core id		: 0
cpu cores	: 2
apicid		: 0
initial apicid	: 0
fpu		: yes
fpu_exception	: yes
cpuid level	: 13
wp		: yes
flags		: fpu vme de pse tsc msr pae mce cx8 apic sep mtrr pge mca cmov pat pse36 clflush dts acpi mmx fxsr sse sse2 ss ht tm pbe syscall nx rdtscp lm constant_tsc arch_perfmon pebs bts rep_good nopl xtopology nonstop_tsc aperfmperf eagerfpu pni pclmulqdq dtes64 monitor ds_cpl vmx est tm2 ssse3 cx16 xtpr pdcm pcid sse4_1 sse4_2 x2apic popcnt tsc_deadline_timer xsave avx f16c lahf_lm ida arat epb xsaveopt pln pts dtherm tpr_shadow vnmi flexpriority ept vpid fsgsbase smep erms
bogomips	: 3591.56
clflush size	: 64
cache_alignment	: 64
address sizes	: 36 bits physical, 48 bits virtual
power management:

processor	: 1
vendor_id	: GenuineIntel
cpu family	: 6
model		: 58
model name	: Intel(R) Core(TM) i3-3217U CPU @ 1.80GHz
stepping	: 9
microcode	: 0x15
cpu MHz		: 1801.000
cache size	: 3072 KB
physical id	: 0
siblings	: 4
core id		: 1
cpu cores	: 2
apicid		: 2
initial apicid	: 2
fpu		: yes
fpu_exception	: yes
cpuid level	: 13
wp		: yes
flags		: fpu vme de pse tsc msr pae mce cx8 apic sep mtrr pge mca cmov pat pse36 clflush dts acpi mmx fxsr sse sse2 ss ht tm pbe syscall nx rdtscp lm constant_tsc arch_perfmon pebs bts rep_good nopl xtopology nonstop_tsc aperfmperf eagerfpu pni pclmulqdq dtes64 monitor ds_cpl vmx est tm2 ssse3 cx16 xtpr pdcm pcid sse4_1 sse4_2 x2apic popcnt tsc_deadline_timer xsave avx f16c lahf_lm ida arat epb xsaveopt pln pts dtherm tpr_shadow vnmi flexpriority ept vpid fsgsbase smep erms
bogomips	: 3591.56
clflush size	: 64
cache_alignment	: 64
address sizes	: 36 bits physical, 48 bits virtual
power management:

processor	: 2
vendor_id	: GenuineIntel
cpu family	: 6
model		: 58
model name	: Intel(R) Core(TM) i3-3217U CPU @ 1.80GHz
stepping	: 9
microcode	: 0x15
cpu MHz		: 1801.000
cache size	: 3072 KB
physical id	: 0
siblings	: 4
core id		: 0
cpu cores	: 2
apicid		: 1
initial apicid	: 1
fpu		: yes
fpu_exception	: yes
cpuid level	: 13
wp		: yes
flags		: fpu vme de pse tsc msr pae mce cx8 apic sep mtrr pge mca cmov pat pse36 clflush dts acpi mmx fxsr sse sse2 ss ht tm pbe syscall nx rdtscp lm constant_tsc arch_perfmon pebs bts rep_good nopl xtopology nonstop_tsc aperfmperf eagerfpu pni pclmulqdq dtes64 monitor ds_cpl vmx est tm2 ssse3 cx16 xtpr pdcm pcid sse4_1 sse4_2 x2apic popcnt tsc_deadline_timer xsave avx f16c lahf_lm ida arat epb xsaveopt pln pts dtherm tpr_shadow vnmi flexpriority ept vpid fsgsbase smep erms
bogomips	: 3591.56
clflush size	: 64
cache_alignment	: 64
address sizes	: 36 bits physical, 48 bits virtual
power management:

processor	: 3
vendor_id	: GenuineIntel
cpu family	: 6
model		: 58
model name	: Intel(R) Core(TM) i3-3217U CPU @ 1.80GHz
stepping	: 9
microcode	: 0x15
cpu MHz		: 800.000
cache size	: 3072 KB
physical id	: 0
siblings	: 4
core id		: 1
cpu cores	: 2
apicid		: 3
initial apicid	: 3
fpu		: yes
fpu_exception	: yes
cpuid level	: 13
wp		: yes
flags		: fpu vme de pse tsc msr pae mce cx8 apic sep mtrr pge mca cmov pat pse36 clflush dts acpi mmx fxsr sse sse2 ss ht tm pbe syscall nx rdtscp lm constant_tsc arch_perfmon pebs bts rep_good nopl xtopology nonstop_tsc aperfmperf eagerfpu pni pclmulqdq dtes64 monitor ds_cpl vmx est tm2 ssse3 cx16 xtpr pdcm pcid sse4_1 sse4_2 x2apic popcnt tsc_deadline_timer xsave avx f16c lahf_lm ida arat epb xsaveopt pln pts dtherm tpr_shadow vnmi flexpriority ept vpid fsgsbase smep erms
bogomips	: 3591.56
clflush size	: 64
cache_alignment	: 64
address sizes	: 36 bits physical, 48 bits virtual
power management:



Memory: 4k page, physical 3931804k(345116k free), swap 4077564k(4055924k free)

vm_info: OpenJDK 64-Bit Server VM (24.45-b08) for linux-amd64 JRE (1.7.0_51-b00), built on Jan 15 2014 22:02:57 by "buildd" with gcc 4.8.1

time: Wed Mar 26 19:00:02 2014
elapsed time: 0 seconds

